This file contains any messages produced by compilers while
running configure, to aid debugging if configure makes a mistake.

It was created by OpenLLDP configure 0.4alpha, which was
generated by GNU Autoconf 2.65.  Invocation command line was

  $ ./configure CC=/usr/bin/gcc CXX= CFLAGS=-g3 -gdwarf-2 CXXFLAGS=-g3 -gdwarf-2

## --------- ##
## Platform. ##
## --------- ##

hostname = Ubuntu-01
uname -m = i686
uname -r = 3.2.0-35-generic-pae
uname -s = Linux
uname -v = #55-Ubuntu SMP Wed Dec 5 18:04:39 UTC 2012

/usr/bin/uname -p = unknown
/bin/uname -X     = unknown

/bin/arch              = unknown
/usr/bin/arch -k       = unknown
/usr/convex/getsysinfo = unknown
/usr/bin/hostinfo      = unknown
/bin/machine           = unknown
/usr/bin/oslevel       = unknown
/bin/universe          = unknown

PATH: /usr/bin
PATH: /bin
PATH: /usr/bin
PATH: /usr/lib/lightdm/lightdm
PATH: /usr/local/sbin
PATH: /usr/local/bin
PATH: /usr/sbin
PATH: /usr/bin
PATH: /sbin
PATH: /bin
PATH: /usr/games


## ----------- ##
## Core tests. ##
## ----------- ##

configure:2129: checking for a BSD-compatible install
configure:2197: result: /usr/bin/install -c
configure:2208: checking whether build environment is sane
configure:2258: result: yes
configure:2399: checking for a thread-safe mkdir -p
configure:2438: result: /bin/mkdir -p
configure:2451: checking for gawk
configure:2481: result: no
configure:2451: checking for mawk
configure:2467: found /usr/bin/mawk
configure:2478: result: mawk
configure:2489: checking whether make sets $(MAKE)
configure:2511: result: yes
configure:2634: checking for ranlib
configure:2650: found /usr/bin/ranlib
configure:2661: result: ranlib
configure:2731: checking for gcc
configure:2758: result: /usr/bin/gcc
configure:2987: checking for C compiler version
configure:2996: /usr/bin/gcc --version >&5
gcc (Ubuntu/Linaro 4.6.3-1ubuntu5) 4.6.3
Copyright (C) 2011 Free Software Foundation, Inc.
This is free software; see the source for copying conditions.  There is NO
warranty; not even for MERCHANTABILITY or FITNESS FOR A PARTICULAR PURPOSE.

configure:3007: $? = 0
configure:2996: /usr/bin/gcc -v >&5
Using built-in specs.
COLLECT_GCC=/usr/bin/gcc
COLLECT_LTO_WRAPPER=/usr/lib/gcc/i686-linux-gnu/4.6/lto-wrapper
Target: i686-linux-gnu
Configured with: ../src/configure -v --with-pkgversion='Ubuntu/Linaro 4.6.3-1ubuntu5' --with-bugurl=file:///usr/share/doc/gcc-4.6/README.Bugs --enable-languages=c,c++,fortran,objc,obj-c++ --prefix=/usr --program-suffix=-4.6 --enable-shared --enable-linker-build-id --with-system-zlib --libexecdir=/usr/lib --without-included-gettext --enable-threads=posix --with-gxx-include-dir=/usr/include/c++/4.6 --libdir=/usr/lib --enable-nls --with-sysroot=/ --enable-clocale=gnu --enable-libstdcxx-debug --enable-libstdcxx-time=yes --enable-gnu-unique-object --enable-plugin --enable-objc-gc --enable-targets=all --disable-werror --with-arch-32=i686 --with-tune=generic --enable-checking=release --build=i686-linux-gnu --host=i686-linux-gnu --target=i686-linux-gnu
Thread model: posix
gcc version 4.6.3 (Ubuntu/Linaro 4.6.3-1ubuntu5) 
configure:3007: $? = 0
configure:2996: /usr/bin/gcc -V >&5
gcc: error: unrecognized option '-V'
gcc: fatal error: no input files
compilation terminated.
configure:3007: $? = 4
configure:2996: /usr/bin/gcc -qversion >&5
gcc: error: unrecognized option '-qversion'
gcc: fatal error: no input files
compilation terminated.
configure:3007: $? = 4
configure:3027: checking whether the C compiler works
configure:3049: /usr/bin/gcc -g3 -gdwarf-2   conftest.c  >&5
configure:3053: $? = 0
configure:3102: result: yes
configure:3105: checking for C compiler default output file name
configure:3107: result: a.out
configure:3113: checking for suffix of executables
configure:3120: /usr/bin/gcc -o conftest -g3 -gdwarf-2   conftest.c  >&5
configure:3124: $? = 0
configure:3146: result: 
configure:3168: checking whether we are cross compiling
configure:3176: /usr/bin/gcc -o conftest -g3 -gdwarf-2   conftest.c  >&5
configure:3180: $? = 0
configure:3187: ./conftest
configure:3191: $? = 0
configure:3206: result: no
configure:3211: checking for suffix of object files
configure:3233: /usr/bin/gcc -c -g3 -gdwarf-2  conftest.c >&5
configure:3237: $? = 0
configure:3258: result: o
configure:3262: checking whether we are using the GNU C compiler
configure:3281: /usr/bin/gcc -c -g3 -gdwarf-2  conftest.c >&5
configure:3281: $? = 0
configure:3290: result: yes
configure:3299: checking whether /usr/bin/gcc accepts -g
configure:3319: /usr/bin/gcc -c -g  conftest.c >&5
configure:3319: $? = 0
configure:3360: result: yes
configure:3377: checking for /usr/bin/gcc option to accept ISO C89
configure:3441: /usr/bin/gcc  -c -g3 -gdwarf-2  conftest.c >&5
configure:3441: $? = 0
configure:3454: result: none needed
configure:3485: checking for style of include used by make
configure:3513: result: GNU
configure:3538: checking dependency style of /usr/bin/gcc
configure:3648: result: gcc3
configure:3664: checking whether to enable maintainer-specific portions of Makefiles
configure:3673: result: no
configure:3692: checking build system type
configure:3706: result: i686-pc-linux-gnu
configure:3726: checking host system type
configure:3739: result: i686-pc-linux-gnu
configure:3765: checking how to run the C preprocessor
configure:3796: /usr/bin/gcc -E  conftest.c
configure:3796: $? = 0
configure:3810: /usr/bin/gcc -E  conftest.c
conftest.c:11:28: fatal error: ac_nonexistent.h: No such file or directory
compilation terminated.
configure:3810: $? = 1
configure: failed program was:
| /* confdefs.h */
| #define PACKAGE_NAME "OpenLLDP"
| #define PACKAGE_TARNAME "openlldp"
| #define PACKAGE_VERSION "0.4alpha"
| #define PACKAGE_STRING "OpenLLDP 0.4alpha"
| #define PACKAGE_BUGREPORT ""
| #define PACKAGE_URL ""
| #define PACKAGE "openlldp"
| #define VERSION "0.4alpha"
| /* end confdefs.h.  */
| #include <ac_nonexistent.h>
configure:3835: result: /usr/bin/gcc -E
configure:3855: /usr/bin/gcc -E  conftest.c
configure:3855: $? = 0
configure:3869: /usr/bin/gcc -E  conftest.c
conftest.c:11:28: fatal error: ac_nonexistent.h: No such file or directory
compilation terminated.
configure:3869: $? = 1
configure: failed program was:
| /* confdefs.h */
| #define PACKAGE_NAME "OpenLLDP"
| #define PACKAGE_TARNAME "openlldp"
| #define PACKAGE_VERSION "0.4alpha"
| #define PACKAGE_STRING "OpenLLDP 0.4alpha"
| #define PACKAGE_BUGREPORT ""
| #define PACKAGE_URL ""
| #define PACKAGE "openlldp"
| #define VERSION "0.4alpha"
| /* end confdefs.h.  */
| #include <ac_nonexistent.h>
configure:3898: checking for grep that handles long lines and -e
configure:3956: result: /bin/grep
configure:3961: checking for egrep
configure:4023: result: /bin/grep -E
configure:4028: checking for ANSI C header files
configure:4048: /usr/bin/gcc -c -g3 -gdwarf-2  conftest.c >&5
configure:4048: $? = 0
configure:4121: /usr/bin/gcc -o conftest -g3 -gdwarf-2   conftest.c  >&5
configure:4121: $? = 0
configure:4121: ./conftest
configure:4121: $? = 0
configure:4132: result: yes
configure:4145: checking for sys/types.h
configure:4145: /usr/bin/gcc -c -g3 -gdwarf-2  conftest.c >&5
configure:4145: $? = 0
configure:4145: result: yes
configure:4145: checking for sys/stat.h
configure:4145: /usr/bin/gcc -c -g3 -gdwarf-2  conftest.c >&5
configure:4145: $? = 0
configure:4145: result: yes
configure:4145: checking for stdlib.h
configure:4145: /usr/bin/gcc -c -g3 -gdwarf-2  conftest.c >&5
configure:4145: $? = 0
configure:4145: result: yes
configure:4145: checking for string.h
configure:4145: /usr/bin/gcc -c -g3 -gdwarf-2  conftest.c >&5
configure:4145: $? = 0
configure:4145: result: yes
configure:4145: checking for memory.h
configure:4145: /usr/bin/gcc -c -g3 -gdwarf-2  conftest.c >&5
configure:4145: $? = 0
configure:4145: result: yes
configure:4145: checking for strings.h
configure:4145: /usr/bin/gcc -c -g3 -gdwarf-2  conftest.c >&5
configure:4145: $? = 0
configure:4145: result: yes
configure:4145: checking for inttypes.h
configure:4145: /usr/bin/gcc -c -g3 -gdwarf-2  conftest.c >&5
configure:4145: $? = 0
configure:4145: result: yes
configure:4145: checking for stdint.h
configure:4145: /usr/bin/gcc -c -g3 -gdwarf-2  conftest.c >&5
configure:4145: $? = 0
configure:4145: result: yes
configure:4145: checking for unistd.h
configure:4145: /usr/bin/gcc -c -g3 -gdwarf-2  conftest.c >&5
configure:4145: $? = 0
configure:4145: result: yes
configure:4158: checking whether byte ordering is bigendian
configure:4173: /usr/bin/gcc -c -g3 -gdwarf-2  conftest.c >&5
conftest.c:22:9: error: unknown type name 'not'
conftest.c:22:15: error: expected '=', ',', ';', 'asm' or '__attribute__' before 'universal'
conftest.c:22:15: error: unknown type name 'universal'
configure:4173: $? = 1
configure: failed program was:
| /* confdefs.h */
| #define PACKAGE_NAME "OpenLLDP"
| #define PACKAGE_TARNAME "openlldp"
| #define PACKAGE_VERSION "0.4alpha"
| #define PACKAGE_STRING "OpenLLDP 0.4alpha"
| #define PACKAGE_BUGREPORT ""
| #define PACKAGE_URL ""
| #define PACKAGE "openlldp"
| #define VERSION "0.4alpha"
| #define STDC_HEADERS 1
| #define HAVE_SYS_TYPES_H 1
| #define HAVE_SYS_STAT_H 1
| #define HAVE_STDLIB_H 1
| #define HAVE_STRING_H 1
| #define HAVE_MEMORY_H 1
| #define HAVE_STRINGS_H 1
| #define HAVE_INTTYPES_H 1
| #define HAVE_STDINT_H 1
| #define HAVE_UNISTD_H 1
| /* end confdefs.h.  */
| #ifndef __APPLE_CC__
| 	       not a universal capable compiler
| 	     #endif
| 	     typedef int dummy;
| 
configure:4218: /usr/bin/gcc -c -g3 -gdwarf-2  conftest.c >&5
configure:4218: $? = 0
configure:4236: /usr/bin/gcc -c -g3 -gdwarf-2  conftest.c >&5
conftest.c: In function 'main':
conftest.c:28:4: error: unknown type name 'not'
conftest.c:28:12: error: expected '=', ',', ';', 'asm' or '__attribute__' before 'endian'
configure:4236: $? = 1
configure: failed program was:
| /* confdefs.h */
| #define PACKAGE_NAME "OpenLLDP"
| #define PACKAGE_TARNAME "openlldp"
| #define PACKAGE_VERSION "0.4alpha"
| #define PACKAGE_STRING "OpenLLDP 0.4alpha"
| #define PACKAGE_BUGREPORT ""
| #define PACKAGE_URL ""
| #define PACKAGE "openlldp"
| #define VERSION "0.4alpha"
| #define STDC_HEADERS 1
| #define HAVE_SYS_TYPES_H 1
| #define HAVE_SYS_STAT_H 1
| #define HAVE_STDLIB_H 1
| #define HAVE_STRING_H 1
| #define HAVE_MEMORY_H 1
| #define HAVE_STRINGS_H 1
| #define HAVE_INTTYPES_H 1
| #define HAVE_STDINT_H 1
| #define HAVE_UNISTD_H 1
| /* end confdefs.h.  */
| #include <sys/types.h>
| 		#include <sys/param.h>
| 
| int
| main ()
| {
| #if BYTE_ORDER != BIG_ENDIAN
| 		 not big endian
| 		#endif
| 
|   ;
|   return 0;
| }
configure:4364: result: no
configure:4500: checking sys/socket.h usability
configure:4500: /usr/bin/gcc -c -Wall -fno-strict-aliasing -g3 -gdwarf-2  conftest.c >&5
configure:4500: $? = 0
configure:4500: result: yes
configure:4500: checking sys/socket.h presence
configure:4500: /usr/bin/gcc -E  conftest.c
configure:4500: $? = 0
configure:4500: result: yes
configure:4500: checking for sys/socket.h
configure:4500: result: yes
configure:4618: checking for native frame interface
configure:4620: result: linux
configure:4623: checking for platform OS
configure:4625: result: linux
configure:4630: checking for procfs support
configure:4633: result: okay
configure:4742: checking for cfg_title in -lconfuse
configure:4767: /usr/bin/gcc -o conftest -Wall -fno-strict-aliasing -g3 -gdwarf-2   conftest.c -lconfuse   >&5
/usr/bin/ld: cannot find -lconfuse
collect2: ld returned 1 exit status
configure:4767: $? = 1
configure: failed program was:
| /* confdefs.h */
| #define PACKAGE_NAME "OpenLLDP"
| #define PACKAGE_TARNAME "openlldp"
| #define PACKAGE_VERSION "0.4alpha"
| #define PACKAGE_STRING "OpenLLDP 0.4alpha"
| #define PACKAGE_BUGREPORT ""
| #define PACKAGE_URL ""
| #define PACKAGE "openlldp"
| #define VERSION "0.4alpha"
| #define STDC_HEADERS 1
| #define HAVE_SYS_TYPES_H 1
| #define HAVE_SYS_STAT_H 1
| #define HAVE_STDLIB_H 1
| #define HAVE_STRING_H 1
| #define HAVE_MEMORY_H 1
| #define HAVE_STRINGS_H 1
| #define HAVE_INTTYPES_H 1
| #define HAVE_STDINT_H 1
| #define HAVE_UNISTD_H 1
| #define LINUX 1
| #define HAVE_SYS_SOCKET_H 1
| /* end confdefs.h.  */
| 
| /* Override any GCC internal prototype to avoid an error.
|    Use char because int might match the return type of a GCC
|    builtin and then its argument prototype would still apply.  */
| #ifdef __cplusplus
| extern "C"
| #endif
| char cfg_title ();
| int
| main ()
| {
| return cfg_title ();
|   ;
|   return 0;
| }
configure:4776: result: no
configure:5018: creating ./config.status

## ---------------------- ##
## Running config.status. ##
## ---------------------- ##

This file was extended by OpenLLDP config.status 0.4alpha, which was
generated by GNU Autoconf 2.65.  Invocation command line was

  CONFIG_FILES    = 
  CONFIG_HEADERS  = 
  CONFIG_LINKS    = 
  CONFIG_COMMANDS = 
  $ ./config.status 

on Ubuntu-01

config.status:819: creating Makefile
config.status:819: creating src/Makefile
config.status:819: creating src/platform/Makefile
config.status:982: executing depfiles commands

## ---------------- ##
## Cache variables. ##
## ---------------- ##

ac_cv_build=i686-pc-linux-gnu
ac_cv_c_bigendian=no
ac_cv_c_compiler_gnu=yes
ac_cv_env_CC_set=set
ac_cv_env_CC_value=/usr/bin/gcc
ac_cv_env_CFLAGS_set=set
ac_cv_env_CFLAGS_value='-g3 -gdwarf-2'
ac_cv_env_CPPFLAGS_set=
ac_cv_env_CPPFLAGS_value=
ac_cv_env_CPP_set=
ac_cv_env_CPP_value=
ac_cv_env_LDFLAGS_set=
ac_cv_env_LDFLAGS_value=
ac_cv_env_LIBS_set=
ac_cv_env_LIBS_value=
ac_cv_env_build_alias_set=
ac_cv_env_build_alias_value=
ac_cv_env_host_alias_set=
ac_cv_env_host_alias_value=
ac_cv_env_target_alias_set=
ac_cv_env_target_alias_value=
ac_cv_header_inttypes_h=yes
ac_cv_header_memory_h=yes
ac_cv_header_stdc=yes
ac_cv_header_stdint_h=yes
ac_cv_header_stdlib_h=yes
ac_cv_header_string_h=yes
ac_cv_header_strings_h=yes
ac_cv_header_sys_socket_h=yes
ac_cv_header_sys_stat_h=yes
ac_cv_header_sys_types_h=yes
ac_cv_header_unistd_h=yes
ac_cv_host=i686-pc-linux-gnu
ac_cv_lib_confuse_cfg_title=no
ac_cv_objext=o
ac_cv_path_EGREP='/bin/grep -E'
ac_cv_path_GREP=/bin/grep
ac_cv_path_install='/usr/bin/install -c'
ac_cv_path_mkdir=/bin/mkdir
ac_cv_prog_AWK=mawk
ac_cv_prog_CPP='/usr/bin/gcc -E'
ac_cv_prog_ac_ct_CC=/usr/bin/gcc
ac_cv_prog_ac_ct_RANLIB=ranlib
ac_cv_prog_cc_c89=
ac_cv_prog_cc_g=yes
ac_cv_prog_make_make_set=yes
am_cv_CC_dependencies_compiler_type=gcc3

## ----------------- ##
## Output variables. ##
## ----------------- ##

ACLOCAL='${SHELL} /home/stefan/Documents/openlldp/openlldp-0.4alpha/missing --run aclocal-1.11'
AMDEPBACKSLASH='\'
AMDEP_FALSE='#'
AMDEP_TRUE=''
AMTAR='${SHELL} /home/stefan/Documents/openlldp/openlldp-0.4alpha/missing --run tar'
AM_CPPFLAGS=' -I${top_srcdir} -I${top_srcdir}/src'
AUTOCONF='${SHELL} /home/stefan/Documents/openlldp/openlldp-0.4alpha/missing --run autoconf'
AUTOHEADER='${SHELL} /home/stefan/Documents/openlldp/openlldp-0.4alpha/missing --run autoheader'
AUTOMAKE='${SHELL} /home/stefan/Documents/openlldp/openlldp-0.4alpha/missing --run automake-1.11'
AWK='mawk'
CC='/usr/bin/gcc'
CCDEPMODE='depmode=gcc3'
CFLAGS=' -Wall -fno-strict-aliasing -g3 -gdwarf-2'
CORELIBS=''
CPP='/usr/bin/gcc -E'
CPPFLAGS=''
CYGPATH_W='echo'
DARWININCS=''
DARWINLIBS=''
DARWIN_FALSE=''
DARWIN_TRUE='#'
DEFS='-DPACKAGE_NAME=\"OpenLLDP\" -DPACKAGE_TARNAME=\"openlldp\" -DPACKAGE_VERSION=\"0.4alpha\" -DPACKAGE_STRING=\"OpenLLDP\ 0.4alpha\" -DPACKAGE_BUGREPORT=\"\" -DPACKAGE_URL=\"\" -DPACKAGE=\"openlldp\" -DVERSION=\"0.4alpha\" -DSTDC_HEADERS=1 -DHAVE_SYS_TYPES_H=1 -DHAVE_SYS_STAT_H=1 -DHAVE_STDLIB_H=1 -DHAVE_STRING_H=1 -DHAVE_MEMORY_H=1 -DHAVE_STRINGS_H=1 -DHAVE_INTTYPES_H=1 -DHAVE_STDINT_H=1 -DHAVE_UNISTD_H=1 -DLINUX=1 -DHAVE_SYS_SOCKET_H=1'
DEPDIR='.deps'
ECHO_C=''
ECHO_N='-n'
ECHO_T=''
EGREP='/bin/grep -E'
EXEEXT=''
FRAMER_BPF_FALSE=''
FRAMER_BPF_TRUE='#'
FRAMER_DARWIN_FALSE=''
FRAMER_DARWIN_TRUE='#'
FRAMER_GENERIC_FALSE=''
FRAMER_GENERIC_TRUE='#'
FRAMER_LINUX_FALSE='#'
FRAMER_LINUX_TRUE=''
FRAMER_RADIUS_FALSE=''
FRAMER_RADIUS_TRUE='#'
FRAMER_WINDOWS_FALSE=''
FRAMER_WINDOWS_TRUE='#'
FREEBSD_FALSE=''
FREEBSD_TRUE='#'
GREP='/bin/grep'
INSTALL_DATA='${INSTALL} -m 644'
INSTALL_PROGRAM='${INSTALL}'
INSTALL_SCRIPT='${INSTALL}'
INSTALL_STRIP_PROGRAM='$(install_sh) -c -s'
LDFLAGS=''
LIBOBJS=''
LIBS=''
LINUX_FALSE='#'
LINUX_TRUE=''
LTLIBOBJS=''
MAINT='#'
MAINTAINER_MODE_FALSE=''
MAINTAINER_MODE_TRUE='#'
MAKEINFO='${SHELL} /home/stefan/Documents/openlldp/openlldp-0.4alpha/missing --run makeinfo'
MKDIR_P='/bin/mkdir -p'
MOREDEFS=''
MORELIBS=' -lm -lm'
NETBSD_FALSE=''
NETBSD_TRUE='#'
OBJEXT='o'
OPENBSD_FALSE=''
OPENBSD_TRUE='#'
PACKAGE='openlldp'
PACKAGE_BUGREPORT=''
PACKAGE_NAME='OpenLLDP'
PACKAGE_STRING='OpenLLDP 0.4alpha'
PACKAGE_TARNAME='openlldp'
PACKAGE_URL=''
PACKAGE_VERSION='0.4alpha'
PATH_SEPARATOR=':'
PREFIX=''
RANLIB='ranlib'
SET_MAKE=''
SHELL='/bin/bash'
STRIP=''
VERSION='0.4alpha'
WINDOWS_FALSE=''
WINDOWS_TRUE='#'
ac_ct_CC='/usr/bin/gcc'
am__EXEEXT_FALSE=''
am__EXEEXT_TRUE='#'
am__fastdepCC_FALSE='#'
am__fastdepCC_TRUE=''
am__include='include'
am__isrc=''
am__leading_dot='.'
am__quote=''
am__tar='${AMTAR} chof - "$$tardir"'
am__untar='${AMTAR} xf -'
bindir='${exec_prefix}/bin'
build='i686-pc-linux-gnu'
build_alias=''
build_cpu='i686'
build_os='linux-gnu'
build_vendor='pc'
datadir='${datarootdir}'
datarootdir='${prefix}/share'
docdir='${datarootdir}/doc/${PACKAGE_TARNAME}'
dvidir='${docdir}'
exec_prefix='${prefix}'
host='i686-pc-linux-gnu'
host_alias=''
host_cpu='i686'
host_os='linux-gnu'
host_vendor='pc'
htmldir='${docdir}'
includedir='${prefix}/include'
infodir='${datarootdir}/info'
install_sh='${SHELL} /home/stefan/Documents/openlldp/openlldp-0.4alpha/install-sh'
libdir='${exec_prefix}/lib'
libexecdir='${exec_prefix}/libexec'
localedir='${datarootdir}/locale'
localstatedir='${prefix}/var'
mandir='${datarootdir}/man'
mkdir_p='/bin/mkdir -p'
oldincludedir='/usr/include'
pdfdir='${docdir}'
prefix='/usr/local'
program_transform_name='s,x,x,'
psdir='${docdir}'
sbindir='${exec_prefix}/sbin'
sharedstatedir='${prefix}/com'
sysconfdir='${prefix}/etc'
target_alias=''

## ----------- ##
## confdefs.h. ##
## ----------- ##

/* confdefs.h */
#define PACKAGE_NAME "OpenLLDP"
#define PACKAGE_TARNAME "openlldp"
#define PACKAGE_VERSION "0.4alpha"
#define PACKAGE_STRING "OpenLLDP 0.4alpha"
#define PACKAGE_BUGREPORT ""
#define PACKAGE_URL ""
#define PACKAGE "openlldp"
#define VERSION "0.4alpha"
#define STDC_HEADERS 1
#define HAVE_SYS_TYPES_H 1
#define HAVE_SYS_STAT_H 1
#define HAVE_STDLIB_H 1
#define HAVE_STRING_H 1
#define HAVE_MEMORY_H 1
#define HAVE_STRINGS_H 1
#define HAVE_INTTYPES_H 1
#define HAVE_STDINT_H 1
#define HAVE_UNISTD_H 1
#define LINUX 1
#define HAVE_SYS_SOCKET_H 1

configure: exit 0
